<?xml version="1.0" encoding="UTF-8"?>
<!-- Generated by org.testng.reporters.JUnitReportReporter -->
<testsuite skipped="0" hostname="MC0XHP2C" name="getRequestData" tests="2" failures="0" timestamp="28 Jan 2019 03:21:39 GMT" time="4.214" errors="0">
  <testcase name="getresponsecode" time="0.974" classname="getRequestData"/>
  <testcase name="getData" time="3.240" classname="getRequestData"/>
</testsuite> <!-- getRequestData -->
