<?xml version="1.0" encoding="UTF-8"?>
<!-- Generated by org.testng.reporters.JUnitReportReporter -->
<testsuite skipped="0" hostname="MC0XHP2C" name="WeatherDetails.getRequestData" tests="2" failures="0" timestamp="29 Jan 2019 15:36:29 GMT" time="0.040" errors="0">
  <testcase name="getresponsecode" time="0.008" classname="WeatherDetails.getRequestData"/>
  <testcase name="getWeatherData" time="0.032" classname="WeatherDetails.getRequestData"/>
</testsuite> <!-- WeatherDetails.getRequestData -->
