<?xml version="1.0" encoding="UTF-8"?>
<!-- Generated by org.testng.reporters.JUnitReportReporter -->
<testsuite skipped="0" hostname="MC0XHP2C" name="WeatherDetails.QuitWeatherDetails" tests="1" failures="0" timestamp="29 Jan 2019 15:36:29 GMT" time="0.498" errors="0">
  <testcase name="DoneWeather" time="0.498" classname="WeatherDetails.QuitWeatherDetails"/>
</testsuite> <!-- WeatherDetails.QuitWeatherDetails -->
